# JRE version: Java(TM) SE Runtime Environment (8.0_11-b12) (build 1.8.0_11-b12)
# Java VM: Java HotSpot(TM) 64-Bit Server VM (25.11-b03 mixed mode bsd-amd64 compressed oops)
Heap:
 PSYoungGen      total 5632K, used 4825K [0x0000000795580000, 0x0000000795c80000, 0x00000007c0000000)
  eden space 4096K, 90% used [0x0000000795580000,0x000000079591a1a8,0x0000000795980000)
  from space 1536K, 74% used [0x0000000795b00000,0x0000000795c1c610,0x0000000795c80000)
  to   space 1536K, 0% used [0x0000000795980000,0x0000000795980000,0x0000000795b00000)
 ParOldGen       total 129536K, used 1310K [0x0000000740000000, 0x0000000747e80000, 0x0000000795580000)
  object space 129536K, 1% used [0x0000000740000000,0x00000007401479e0,0x0000000747e80000)
 Metaspace       used 7176K, capacity 7305K, committed 7424K, reserved 1056768K
  class space    used 686K, capacity 748K, committed 768K, reserved 1048576K
GC Heap History (10 events):
Event: 0.122 GC heap before
{Heap before GC invocations=2 (full 0):
 PSYoungGen      total 1024K, used 998K [0x0000000795580000, 0x0000000795780000, 0x00000007c0000000)
  eden space 512K, 98% used [0x0000000795580000,0x00000007955fd9e8,0x0000000795600000)
  from space 512K, 96% used [0x0000000795600000,0x000000079567c010,0x0000000795680000)
  to   space 512K, 0% used [0x0000000795700000,0x0000000795700000,0x0000000795780000)
 ParOldGen       total 129536K, used 8K [0x0000000740000000, 0x0000000747e80000, 0x0000000795580000)
  object space 129536K, 0% used [0x0000000740000000,0x0000000740002000,0x0000000747e80000)
 Metaspace       used 2942K, capacity 4658K, committed 4864K, reserved 1056768K
  class space    used 315K, capacity 418K, committed 512K, reserved 1048576K
Event: 0.124 GC heap after
Heap after GC invocations=2 (full 0):
 PSYoungGen      total 1536K, used 496K [0x0000000795580000, 0x0000000795780000, 0x00000007c0000000)
  eden space 1024K, 0% used [0x0000000795580000,0x0000000795580000,0x0000000795680000)
  from space 512K, 96% used [0x0000000795700000,0x000000079577c010,0x0000000795780000)
  to   space 512K, 0% used [0x0000000795680000,0x0000000795680000,0x0000000795700000)
 ParOldGen       total 129536K, used 102K [0x0000000740000000, 0x0000000747e80000, 0x0000000795580000)
  object space 129536K, 0% used [0x0000000740000000,0x0000000740019b88,0x0000000747e80000)
 Metaspace       used 2942K, capacity 4658K, committed 4864K, reserved 1056768K
  class space    used 315K, capacity 418K, committed 512K, reserved 1048576K
}
Event: 0.170 GC heap before
{Heap before GC invocations=3 (full 0):
 PSYoungGen      total 1536K, used 1507K [0x0000000795580000, 0x0000000795780000, 0x00000007c0000000)
  eden space 1024K, 98% used [0x0000000795580000,0x000000079567cd60,0x0000000795680000)
  from space 512K, 96% used [0x0000000795700000,0x000000079577c010,0x0000000795780000)
  to   space 512K, 0% used [0x0000000795680000,0x0000000795680000,0x0000000795700000)
 ParOldGen       total 129536K, used 102K [0x0000000740000000, 0x0000000747e80000, 0x0000000795580000)
  object space 129536K, 0% used [0x0000000740000000,0x0000000740019b88,0x0000000747e80000)
 Metaspace       used 3406K, capacity 5010K, committed 5120K, reserved 1056768K
  class space    used 355K, capacity 450K, committed 512K, reserved 1048576K
Event: 0.171 GC heap after
Heap after GC invocations=3 (full 0):
 PSYoungGen      total 1536K, used 512K [0x0000000795580000, 0x0000000795880000, 0x00000007c0000000)
  eden space 1024K, 0% used [0x0000000795580000,0x0000000795580000,0x0000000795680000)
  from space 512K, 100% used [0x0000000795680000,0x0000000795700000,0x0000000795700000)
  to   space 512K, 0% used [0x0000000795800000,0x0000000795800000,0x0000000795880000)
 ParOldGen       total 129536K, used 361K [0x0000000740000000, 0x0000000747e80000, 0x0000000795580000)
  object space 129536K, 0% used [0x0000000740000000,0x000000074005a578,0x0000000747e80000)
 Metaspace       used 3406K, capacity 5010K, committed 5120K, reserved 1056768K
  class space    used 355K, capacity 450K, committed 512K, reserved 1048576K
}
Event: 0.209 GC heap before
{Heap before GC invocations=4 (full 0):
 PSYoungGen      total 1536K, used 1536K [0x0000000795580000, 0x0000000795880000, 0x00000007c0000000)
  eden space 1024K, 100% used [0x0000000795580000,0x0000000795680000,0x0000000795680000)
  from space 512K, 100% used [0x0000000795680000,0x0000000795700000,0x0000000795700000)
  to   space 512K, 0% used [0x0000000795800000,0x0000000795800000,0x0000000795880000)
 ParOldGen       total 129536K, used 361K [0x0000000740000000, 0x0000000747e80000, 0x0000000795580000)
  object space 129536K, 0% used [0x0000000740000000,0x000000074005a578,0x0000000747e80000)
 Metaspace       used 3846K, capacity 5362K, committed 5632K, reserved 1056768K
  class space    used 398K, capacity 482K, committed 512K, reserved 1048576K
Event: 0.211 GC heap after
Heap after GC invocations=4 (full 0):
 PSYoungGen      total 2560K, used 496K [0x0000000795580000, 0x0000000795880000, 0x00000007c0000000)
  eden space 2048K, 0% used [0x0000000795580000,0x0000000795580000,0x0000000795780000)
  from space 512K, 96% used [0x0000000795800000,0x000000079587c010,0x0000000795880000)
  to   space 512K, 0% used [0x0000000795780000,0x0000000795780000,0x0000000795800000)
 ParOldGen       total 129536K, used 688K [0x0000000740000000, 0x0000000747e80000, 0x0000000795580000)
  object space 129536K, 0% used [0x0000000740000000,0x00000007400ac228,0x0000000747e80000)
 Metaspace       used 3846K, capacity 5362K, committed 5632K, reserved 1056768K
  class space    used 398K, capacity 482K, committed 512K, reserved 1048576K
}
Event: 0.678 GC heap before
{Heap before GC invocations=5 (full 0):
 PSYoungGen      total 2560K, used 2493K [0x0000000795580000, 0x0000000795880000, 0x00000007c0000000)
  eden space 2048K, 97% used [0x0000000795580000,0x0000000795773420,0x0000000795780000)
  from space 512K, 96% used [0x0000000795800000,0x000000079587c010,0x0000000795880000)
  to   space 512K, 0% used [0x0000000795780000,0x0000000795780000,0x0000000795800000)
 ParOldGen       total 129536K, used 688K [0x0000000740000000, 0x0000000747e80000, 0x0000000795580000)
  object space 129536K, 0% used [0x0000000740000000,0x00000007400ac228,0x0000000747e80000)
 Metaspace       used 5615K, capacity 5822K, committed 6144K, reserved 1056768K
  class space    used 612K, capacity 652K, committed 768K, reserved 1048576K
Event: 0.681 GC heap after
Heap after GC invocations=5 (full 0):
 PSYoungGen      total 2560K, used 511K [0x0000000795580000, 0x0000000795c80000, 0x00000007c0000000)
  eden space 2048K, 0% used [0x0000000795580000,0x0000000795580000,0x0000000795780000)
  from space 512K, 99% used [0x0000000795780000,0x00000007957ffc10,0x0000000795800000)
  to   space 1536K, 0% used [0x0000000795b00000,0x0000000795b00000,0x0000000795c80000)
 ParOldGen       total 129536K, used 1302K [0x0000000740000000, 0x0000000747e80000, 0x0000000795580000)
  object space 129536K, 1% used [0x0000000740000000,0x00000007401459e0,0x0000000747e80000)
 Metaspace       used 5615K, capacity 5822K, committed 6144K, reserved 1056768K
  class space    used 612K, capacity 652K, committed 768K, reserved 1048576K
}
Event: 0.855 GC heap before
{Heap before GC invocations=6 (full 0):
 PSYoungGen      total 2560K, used 2559K [0x0000000795580000, 0x0000000795c80000, 0x00000007c0000000)
  eden space 2048K, 100% used [0x0000000795580000,0x0000000795780000,0x0000000795780000)
  from space 512K, 99% used [0x0000000795780000,0x00000007957ffc10,0x0000000795800000)
  to   space 1536K, 0% used [0x0000000795b00000,0x0000000795b00000,0x0000000795c80000)
 ParOldGen       total 129536K, used 1302K [0x0000000740000000, 0x0000000747e80000, 0x0000000795580000)
  object space 129536K, 1% used [0x0000000740000000,0x00000007401459e0,0x0000000747e80000)
 Metaspace       used 6552K, capacity 6649K, committed 6912K, reserved 1056768K
  class space    used 647K, capacity 684K, committed 768K, reserved 1048576K
Event: 0.859 GC heap after
Heap after GC invocations=6 (full 0):
 PSYoungGen      total 5632K, used 1137K [0x0000000795580000, 0x0000000795c80000, 0x00000007c0000000)
  eden space 4096K, 0% used [0x0000000795580000,0x0000000795580000,0x0000000795980000)
  from space 1536K, 74% used [0x0000000795b00000,0x0000000795c1c610,0x0000000795c80000)
  to   space 1536K, 0% used [0x0000000795980000,0x0000000795980000,0x0000000795b00000)
 ParOldGen       total 129536K, used 1310K [0x0000000740000000, 0x0000000747e80000, 0x0000000795580000)
  object space 129536K, 1% used [0x0000000740000000,0x00000007401479e0,0x0000000747e80000)
 Metaspace       used 6552K, capacity 6649K, committed 6912K, reserved 1056768K
  class space    used 647K, capacity 684K, committed 768K, reserved 1048576K
}

